<?xml version="1.0" encoding="utf-8"?><testsuites name="pytest tests"><testsuite name="pytest" errors="0" failures="0" skipped="0" tests="7" time="4.961" timestamp="2026-09-04T01:09:05.624820+00:00" hostname="agent-env-0ee6c8a1-02c6-47e1-9191-f61e89448280"><testcase classname="tests.test_stock_and_offline.TestStockTransfers" name="test_full_flow_draft_send_receive" time="1.536" /><testcase classname="tests.test_stock_and_offline.TestStockTransfers" name="test_transfer_cancel_restores_stock" time="0.633" /><testcase classname="tests.test_stock_and_offline.TestStockTransfers" name="test_same_source_dest_rejected" time="0.086" /><testcase classname="tests.test_stock_and_offline.TestStockTransfers" name="test_receive_before_send_rejected" time="0.275" /><testcase classname="tests.test_stock_and_offline.TestInventoryCounts" name="test_count_create_save_approve" time="0.727" /><testcase classname="tests.test_stock_and_offline.TestPosOfflineDedupe" name="test_duplicate_client_txn_id_returns_same_sale" time="1.309" /><testcase classname="tests.test_stock_and_offline.TestPosOfflineDedupe" name="test_online_regular_sale_persists" time="0.344" /></testsuite></testsuites>