<?xml version="1.0" encoding="utf-8"?><testsuites name="pytest tests"><testsuite name="pytest" errors="0" failures="0" skipped="0" tests="6" time="2.003" timestamp="2026-09-04T01:22:38.497690+00:00" hostname="agent-env-0ee6c8a1-02c6-47e1-9191-f61e89448280"><testcase classname="tests.test_import_and_reorder" name="test_import_template" time="0.725" /><testcase classname="tests.test_import_and_reorder" name="test_import_validate" time="0.092" /><testcase classname="tests.test_import_and_reorder" name="test_import_commit_and_persist" time="0.196" /><testcase classname="tests.test_import_and_reorder" name="test_reorder_endpoint_shape" time="0.101" /><testcase classname="tests.test_import_and_reorder" name="test_reorder_math_and_supplier_filter" time="0.314" /><testcase classname="tests.test_import_and_reorder" name="test_create_draft_po_from_suggestions" time="0.524" /></testsuite></testsuites>