<?xml version="1.0" encoding="utf-8"?><testsuites name="pytest tests"><testsuite name="pytest" errors="0" failures="0" skipped="0" tests="34" time="8.882" timestamp="2026-09-04T00:19:44.420769+00:00" hostname="agent-env-0ee6c8a1-02c6-47e1-9191-f61e89448280"><testcase classname="tests.backend_test.TestAuth" name="test_root" time="0.530" /><testcase classname="tests.backend_test.TestAuth" name="test_login_success_sets_cookies" time="0.374" /><testcase classname="tests.backend_test.TestInventory" name="test_levels" time="0.613" /><testcase classname="tests.backend_test.TestInventory" name="test_lots" time="0.299" /><testcase classname="tests.backend_test.TestAuth" name="test_login_bad_password" time="0.384" /><testcase classname="tests.backend_test.TestInventory" name="test_expiry_buckets" time="0.086" /><testcase classname="tests.backend_test.TestInventory" name="test_receive_stock_increases_onhand" time="1.397" /><testcase classname="tests.backend_test.TestAuth" name="test_pin_login" time="1.015" /><testcase classname="tests.backend_test.TestAuth" name="test_pin_login_bad" time="1.247" /><testcase classname="tests.backend_test.TestInventory" name="test_stock_adjustment" time="1.256" /><testcase classname="tests.backend_test.TestInventory" name="test_movements" time="0.262" /><testcase classname="tests.backend_test.TestAuth" name="test_me" time="0.468" /><testcase classname="tests.backend_test.TestAuth" name="test_forgot_password_generic" time="0.954" /><testcase classname="tests.backend_test.TestCatalog" name="test_categories" time="0.069" /><testcase classname="tests.backend_test.TestPOS" name="test_regular_sale_computes_vat" time="1.407" /><testcase classname="tests.backend_test.TestCatalog" name="test_suppliers" time="0.073" /><testcase classname="tests.backend_test.TestCatalog" name="test_products_list" time="0.078" /><testcase classname="tests.backend_test.TestCatalog" name="test_create_and_update_product" time="0.349" /><testcase classname="tests.backend_test.TestPOS" name="test_split_payment_sale" time="0.158" /><testcase classname="tests.backend_test.TestPOS" name="test_senior_pwd_sale" time="0.154" /><testcase classname="tests.backend_test.TestReports" name="test_dashboard" time="0.077" /><testcase classname="tests.backend_test.TestReports" name="test_sales_summary" time="0.400" /><testcase classname="tests.backend_test.TestPOS" name="test_dedupe_client_txn" time="0.229" /><testcase classname="tests.backend_test.TestPOS" name="test_sales_list" time="0.091" /><testcase classname="tests.backend_test.TestAdmin" name="test_employees" time="0.121" /><testcase classname="tests.backend_test.TestReports" name="test_inventory_valuation" time="0.079" /><testcase classname="tests.backend_test.TestAdmin" name="test_settings_persist" time="0.159" /><testcase classname="tests.backend_test.TestReports" name="test_senior_pwd" time="0.074" /><testcase classname="tests.backend_test.TestAdmin" name="test_audit_logs" time="0.108" /><testcase classname="tests.backend_test.TestAdmin" name="test_global_search" time="0.927" /><testcase classname="tests.backend_test.TestShifts" name="test_open_move_close" time="0.276" /><testcase classname="tests.backend_test.TestRefund" name="test_refund_restores_stock" time="1.508" /><testcase classname="tests.backend_test.TestCustomers" name="test_create_and_loyalty" time="0.246" /><testcase classname="tests.backend_test.TestPO" name="test_create_and_receive_po" time="0.388" /></testsuite></testsuites>